Analysis & Synthesis report for GR8RAM
Sun May 12 22:39:13 2024
Quartus Prime Version 19.1.0 Build 670 09/22/2019 SJ Lite Edition


---------------------
; Table of Contents ;
---------------------
  1. Legal Notice
  2. Analysis & Synthesis Summary
  3. Analysis & Synthesis Settings
  4. Parallel Compilation
  5. Analysis & Synthesis Source Files Read
  6. Analysis & Synthesis Resource Usage Summary
  7. Analysis & Synthesis Resource Utilization by Entity
  8. State Machine - |GR8RAM|IS
  9. Registers Removed During Synthesis
 10. General Register Statistics
 11. Inverted Register Statistics
 12. Multiplexer Restructuring Statistics (Restructuring Performed)
 13. Analysis & Synthesis Messages
 14. Analysis & Synthesis Suppressed Messages



----------------
; Legal Notice ;
----------------
Copyright (C) 2019  Intel Corporation. All rights reserved.
Your use of Intel Corporation's design tools, logic functions 
and other software and tools, and any partner logic 
functions, and any output files from any of the foregoing 
(including device programming or simulation files), and any 
associated documentation or information are expressly subject 
to the terms and conditions of the Intel Program License 
Subscription Agreement, the Intel Quartus Prime License Agreement,
the Intel FPGA IP License Agreement, or other applicable license
agreement, including, without limitation, that your use is for
the sole purpose of programming logic devices manufactured by
Intel and sold by Intel or its authorized distributors.  Please
refer to the applicable agreement for further details, at
https://fpgasoftware.intel.com/eula.



+---------------------------------------------------------------------------+
; Analysis & Synthesis Summary                                              ;
+-----------------------------+---------------------------------------------+
; Analysis & Synthesis Status ; Successful - Sun May 12 22:39:13 2024       ;
; Quartus Prime Version       ; 19.1.0 Build 670 09/22/2019 SJ Lite Edition ;
; Revision Name               ; GR8RAM                                      ;
; Top-level Entity Name       ; GR8RAM                                      ;
; Family                      ; MAX II                                      ;
; Total logic elements        ; 254                                         ;
; Total pins                  ; 80                                          ;
; Total virtual pins          ; 0                                           ;
; UFM blocks                  ; 0 / 1 ( 0 % )                               ;
+-----------------------------+---------------------------------------------+


+------------------------------------------------------------------------------------------------------------+
; Analysis & Synthesis Settings                                                                              ;
+------------------------------------------------------------------+--------------------+--------------------+
; Option                                                           ; Setting            ; Default Value      ;
+------------------------------------------------------------------+--------------------+--------------------+
; Device                                                           ; EPM240T100C5       ;                    ;
; Top-level entity name                                            ; GR8RAM             ; GR8RAM             ;
; Family name                                                      ; MAX II             ; Cyclone V          ;
; Maximum processors allowed for parallel compilation              ; 4                  ;                    ;
; Use smart compilation                                            ; Off                ; Off                ;
; Enable parallel Assembler and Timing Analyzer during compilation ; On                 ; On                 ;
; Enable compact report table                                      ; Off                ; Off                ;
; Restructure Multiplexers                                         ; Auto               ; Auto               ;
; Create Debugging Nodes for IP Cores                              ; Off                ; Off                ;
; Preserve fewer node names                                        ; On                 ; On                 ;
; Intel FPGA IP Evaluation Mode                                    ; Enable             ; Enable             ;
; Verilog Version                                                  ; Verilog_2001       ; Verilog_2001       ;
; VHDL Version                                                     ; VHDL_1993          ; VHDL_1993          ;
; State Machine Processing                                         ; Auto               ; Auto               ;
; Safe State Machine                                               ; Off                ; Off                ;
; Extract Verilog State Machines                                   ; On                 ; On                 ;
; Extract VHDL State Machines                                      ; On                 ; On                 ;
; Ignore Verilog initial constructs                                ; Off                ; Off                ;
; Iteration limit for constant Verilog loops                       ; 5000               ; 5000               ;
; Iteration limit for non-constant Verilog loops                   ; 250                ; 250                ;
; Add Pass-Through Logic to Inferred RAMs                          ; On                 ; On                 ;
; Infer RAMs from Raw Logic                                        ; On                 ; On                 ;
; Parallel Synthesis                                               ; On                 ; On                 ;
; NOT Gate Push-Back                                               ; On                 ; On                 ;
; Power-Up Don't Care                                              ; On                 ; On                 ;
; Remove Redundant Logic Cells                                     ; Off                ; Off                ;
; Remove Duplicate Registers                                       ; On                 ; On                 ;
; Ignore CARRY Buffers                                             ; Off                ; Off                ;
; Ignore CASCADE Buffers                                           ; Off                ; Off                ;
; Ignore GLOBAL Buffers                                            ; Off                ; Off                ;
; Ignore ROW GLOBAL Buffers                                        ; Off                ; Off                ;
; Ignore LCELL Buffers                                             ; Off                ; Off                ;
; Ignore SOFT Buffers                                              ; On                 ; On                 ;
; Limit AHDL Integers to 32 Bits                                   ; Off                ; Off                ;
; Optimization Technique                                           ; Balanced           ; Balanced           ;
; Carry Chain Length                                               ; 70                 ; 70                 ;
; Auto Carry Chains                                                ; On                 ; On                 ;
; Auto Open-Drain Pins                                             ; On                 ; On                 ;
; Perform WYSIWYG Primitive Resynthesis                            ; Off                ; Off                ;
; Auto Shift Register Replacement                                  ; Auto               ; Auto               ;
; Allow Shift Register Merging across Hierarchies                  ; Auto               ; Auto               ;
; Auto Clock Enable Replacement                                    ; On                 ; On                 ;
; Allow Synchronous Control Signals                                ; On                 ; On                 ;
; Force Use of Synchronous Clear Signals                           ; Off                ; Off                ;
; Auto Resource Sharing                                            ; Off                ; Off                ;
; Use LogicLock Constraints during Resource Balancing              ; On                 ; On                 ;
; Ignore translate_off and synthesis_off directives                ; Off                ; Off                ;
; Report Parameter Settings                                        ; On                 ; On                 ;
; Report Source Assignments                                        ; On                 ; On                 ;
; Report Connectivity Checks                                       ; On                 ; On                 ;
; Ignore Maximum Fan-Out Assignments                               ; Off                ; Off                ;
; Synchronization Register Chain Length                            ; 2                  ; 2                  ;
; Power Optimization During Synthesis                              ; Normal compilation ; Normal compilation ;
; HDL message level                                                ; Level2             ; Level2             ;
; Suppress Register Optimization Related Messages                  ; Off                ; Off                ;
; Number of Removed Registers Reported in Synthesis Report         ; 5000               ; 5000               ;
; Number of Swept Nodes Reported in Synthesis Report               ; 5000               ; 5000               ;
; Number of Inverted Registers Reported in Synthesis Report        ; 100                ; 100                ;
; Clock MUX Protection                                             ; On                 ; On                 ;
; Block Design Naming                                              ; Auto               ; Auto               ;
; Synthesis Effort                                                 ; Auto               ; Auto               ;
; Shift Register Replacement - Allow Asynchronous Clear Signal     ; On                 ; On                 ;
; Analysis & Synthesis Message Level                               ; Medium             ; Medium             ;
; Disable Register Merging Across Hierarchies                      ; Auto               ; Auto               ;
+------------------------------------------------------------------+--------------------+--------------------+


+------------------------------------------+
; Parallel Compilation                     ;
+----------------------------+-------------+
; Processors                 ; Number      ;
+----------------------------+-------------+
; Number detected on machine ; 4           ;
; Maximum allowed            ; 4           ;
;                            ;             ;
; Average used               ; 1.00        ;
; Maximum used               ; 1           ;
;                            ;             ;
; Usage by Processor         ; % Time Used ;
;     Processor 1            ; 100.0%      ;
+----------------------------+-------------+


+---------------------------------------------------------------------------------------------------------------------------------+
; Analysis & Synthesis Source Files Read                                                                                          ;
+----------------------------------+-----------------+------------------------+-----------------------------------------+---------+
; File Name with User-Entered Path ; Used in Netlist ; File Type              ; File Name with Absolute Path            ; Library ;
+----------------------------------+-----------------+------------------------+-----------------------------------------+---------+
; GR8RAM.v                         ; yes             ; User Verilog HDL File  ; //Mac/iCloud/Repos/GR8RAM/CPLD/GR8RAM.v ;         ;
+----------------------------------+-----------------+------------------------+-----------------------------------------+---------+


+-----------------------------------------------------+
; Analysis & Synthesis Resource Usage Summary         ;
+---------------------------------------------+-------+
; Resource                                    ; Usage ;
+---------------------------------------------+-------+
; Total logic elements                        ; 254   ;
;     -- Combinational with no register       ; 132   ;
;     -- Register only                        ; 23    ;
;     -- Combinational with a register        ; 99    ;
;                                             ;       ;
; Logic element usage by number of LUT inputs ;       ;
;     -- 4 input functions                    ; 126   ;
;     -- 3 input functions                    ; 36    ;
;     -- 2 input functions                    ; 67    ;
;     -- 1 input functions                    ; 0     ;
;     -- 0 input functions                    ; 2     ;
;                                             ;       ;
; Logic elements by mode                      ;       ;
;     -- normal mode                          ; 221   ;
;     -- arithmetic mode                      ; 33    ;
;     -- qfbk mode                            ; 0     ;
;     -- register cascade mode                ; 0     ;
;     -- synchronous clear/load mode          ; 46    ;
;     -- asynchronous clear/load mode         ; 28    ;
;                                             ;       ;
; Total registers                             ; 122   ;
; Total logic cells in carry chains           ; 37    ;
; I/O pins                                    ; 80    ;
; Maximum fan-out node                        ; C25M  ;
; Maximum fan-out                             ; 108   ;
; Total fan-out                               ; 1089  ;
; Average fan-out                             ; 3.26  ;
+---------------------------------------------+-------+


+------------------------------------------------------------------------------------------------------------------------------------------------------------------------------------------------------------------------------------+
; Analysis & Synthesis Resource Utilization by Entity                                                                                                                                                                                ;
+----------------------------+-------------+--------------+------------+------+--------------+--------------+-------------------+------------------+-----------------+------------+---------------------+-------------+--------------+
; Compilation Hierarchy Node ; Logic Cells ; LC Registers ; UFM Blocks ; Pins ; Virtual Pins ; LUT-Only LCs ; Register-Only LCs ; LUT/Register LCs ; Carry Chain LCs ; Packed LCs ; Full Hierarchy Name ; Entity Name ; Library Name ;
+----------------------------+-------------+--------------+------------+------+--------------+--------------+-------------------+------------------+-----------------+------------+---------------------+-------------+--------------+
; |GR8RAM                    ; 254 (254)   ; 122          ; 0          ; 80   ; 0            ; 132 (132)    ; 23 (23)           ; 99 (99)          ; 37 (37)         ; 0 (0)      ; |GR8RAM             ; GR8RAM      ; work         ;
+----------------------------+-------------+--------------+------------+------+--------------+--------------+-------------------+------------------+-----------------+------------+---------------------+-------------+--------------+
Note: For table entries with two numbers listed, the numbers in parentheses indicate the number of resources of the given type used by the specific entity alone. The numbers listed outside of parentheses indicate the total resources of the given type used by the specific entity and all of its sub-entities in the hierarchy.


Encoding Type:  One-Hot
+--------------------------------------------------------------+
; State Machine - |GR8RAM|IS                                   ;
+--------+--------+--------+--------+--------+--------+--------+
; Name   ; IS.111 ; IS.110 ; IS.101 ; IS.100 ; IS.001 ; IS.000 ;
+--------+--------+--------+--------+--------+--------+--------+
; IS.000 ; 0      ; 0      ; 0      ; 0      ; 0      ; 0      ;
; IS.001 ; 0      ; 0      ; 0      ; 0      ; 1      ; 1      ;
; IS.100 ; 0      ; 0      ; 0      ; 1      ; 0      ; 1      ;
; IS.101 ; 0      ; 0      ; 1      ; 0      ; 0      ; 1      ;
; IS.110 ; 0      ; 1      ; 0      ; 0      ; 0      ; 1      ;
; IS.111 ; 1      ; 0      ; 0      ; 0      ; 0      ; 1      ;
+--------+--------+--------+--------+--------+--------+--------+


+------------------------------------------------------------+
; Registers Removed During Synthesis                         ;
+---------------------------------------+--------------------+
; Register name                         ; Reason for Removal ;
+---------------------------------------+--------------------+
; IS~8                                  ; Lost fanout        ;
; IS~9                                  ; Lost fanout        ;
; IS~10                                 ; Lost fanout        ;
; Total Number of Removed Registers = 3 ;                    ;
+---------------------------------------+--------------------+


+------------------------------------------------------+
; General Register Statistics                          ;
+----------------------------------------------+-------+
; Statistic                                    ; Value ;
+----------------------------------------------+-------+
; Total registers                              ; 122   ;
; Number of registers using Synchronous Clear  ; 13    ;
; Number of registers using Synchronous Load   ; 33    ;
; Number of registers using Asynchronous Clear ; 28    ;
; Number of registers using Asynchronous Load  ; 0     ;
; Number of registers using Clock Enable       ; 29    ;
; Number of registers using Preset             ; 0     ;
+----------------------------------------------+-------+


+--------------------------------------------------+
; Inverted Register Statistics                     ;
+----------------------------------------+---------+
; Inverted Register                      ; Fan out ;
+----------------------------------------+---------+
; nRCS~reg0                              ; 1       ;
; nRAS~reg0                              ; 1       ;
; nCAS~reg0                              ; 1       ;
; nSWE~reg0                              ; 1       ;
; DQML~reg0                              ; 1       ;
; DQMH~reg0                              ; 1       ;
; RCKE~reg0                              ; 1       ;
; Total number of inverted registers = 7 ;         ;
+----------------------------------------+---------+


+------------------------------------------------------------------------------------------------------------------------------------------+
; Multiplexer Restructuring Statistics (Restructuring Performed)                                                                           ;
+--------------------+-----------+---------------+----------------------+------------------------+------------+----------------------------+
; Multiplexer Inputs ; Bus Width ; Baseline Area ; Area if Restructured ; Saving if Restructured ; Registered ; Example Multiplexer Output ;
+--------------------+-----------+---------------+----------------------+------------------------+------------+----------------------------+
; 3:1                ; 4 bits    ; 8 LEs         ; 8 LEs                ; 0 LEs                  ; Yes        ; |GR8RAM|PS[0]              ;
; 5:1                ; 2 bits    ; 6 LEs         ; 2 LEs                ; 4 LEs                  ; Yes        ; |GR8RAM|SA[12]~reg0        ;
; 20:1               ; 6 bits    ; 78 LEs        ; 24 LEs               ; 54 LEs                 ; Yes        ; |GR8RAM|SA[6]~reg0         ;
; 20:1               ; 3 bits    ; 39 LEs        ; 18 LEs               ; 21 LEs                 ; Yes        ; |GR8RAM|SA[2]~reg0         ;
; 3:1                ; 8 bits    ; 16 LEs        ; 16 LEs               ; 0 LEs                  ; Yes        ; |GR8RAM|WRD[7]             ;
; 9:1                ; 4 bits    ; 24 LEs        ; 20 LEs               ; 4 LEs                  ; Yes        ; |GR8RAM|RDD[1]             ;
; 10:1               ; 4 bits    ; 24 LEs        ; 20 LEs               ; 4 LEs                  ; Yes        ; |GR8RAM|RDD[4]             ;
; 18:1               ; 2 bits    ; 24 LEs        ; 8 LEs                ; 16 LEs                 ; Yes        ; |GR8RAM|DQMH~reg0          ;
; 7:1                ; 5 bits    ; 20 LEs        ; 20 LEs               ; 0 LEs                  ; No         ; |GR8RAM|IS                 ;
+--------------------+-----------+---------------+----------------------+------------------------+------------+----------------------------+


+-------------------------------+
; Analysis & Synthesis Messages ;
+-------------------------------+
Info: *******************************************************************
Info: Running Quartus Prime Analysis & Synthesis
    Info: Version 19.1.0 Build 670 09/22/2019 SJ Lite Edition
    Info: Processing started: Sun May 12 22:38:54 2024
Info: Command: quartus_map --read_settings_files=on --write_settings_files=off GR8RAM -c GR8RAM
Info (16303): Aggressive Area optimization mode selected -- logic area will be prioritized at the potential cost of reduced timing performance
Info (20032): Parallel compilation is enabled and will use up to 4 processors
Info (12021): Found 1 design units, including 1 entities, in source file gr8ram.v
    Info (12023): Found entity 1: GR8RAM File: //Mac/iCloud/Repos/GR8RAM/CPLD/GR8RAM.v Line: 1
Info (12127): Elaborating entity "GR8RAM" for the top level hierarchy
Warning (13024): Output pins are stuck at VCC or GND
    Warning (13410): Pin "nNMIout" is stuck at VCC File: //Mac/iCloud/Repos/GR8RAM/CPLD/GR8RAM.v Line: 564
    Warning (13410): Pin "nIRQout" is stuck at VCC File: //Mac/iCloud/Repos/GR8RAM/CPLD/GR8RAM.v Line: 567
    Warning (13410): Pin "nRDYout" is stuck at VCC File: //Mac/iCloud/Repos/GR8RAM/CPLD/GR8RAM.v Line: 566
    Warning (13410): Pin "nINHout" is stuck at VCC File: //Mac/iCloud/Repos/GR8RAM/CPLD/GR8RAM.v Line: 565
    Warning (13410): Pin "RWout" is stuck at VCC File: //Mac/iCloud/Repos/GR8RAM/CPLD/GR8RAM.v Line: 568
    Warning (13410): Pin "nDMAout" is stuck at VCC File: //Mac/iCloud/Repos/GR8RAM/CPLD/GR8RAM.v Line: 563
    Warning (13410): Pin "RAdir" is stuck at VCC File: //Mac/iCloud/Repos/GR8RAM/CPLD/GR8RAM.v Line: 562
Info (17049): 3 registers lost all their fanouts during netlist optimizations.
Info (21057): Implemented 334 device resources after synthesis - the final resource count might be different
    Info (21058): Implemented 28 input pins
    Info (21059): Implemented 35 output pins
    Info (21060): Implemented 17 bidirectional pins
    Info (21061): Implemented 254 logic cells
Info (144001): Generated suppressed messages file /Repos/GR8RAM/CPLD/output_files/GR8RAM.map.smsg
Info: Quartus Prime Analysis & Synthesis was successful. 0 errors, 8 warnings
    Info: Peak virtual memory: 13135 megabytes
    Info: Processing ended: Sun May 12 22:39:13 2024
    Info: Elapsed time: 00:00:19
    Info: Total CPU time (on all processors): 00:00:41


+------------------------------------------+
; Analysis & Synthesis Suppressed Messages ;
+------------------------------------------+
The suppressed messages can be found in /Repos/GR8RAM/CPLD/output_files/GR8RAM.map.smsg.


