Timing Analyzer report for GR8RAM
Tue May 14 02:45:46 2024
Quartus Prime Version 19.1.0 Build 670 09/22/2019 SJ Lite Edition


---------------------
; Table of Contents ;
---------------------
  1. Legal Notice
  2. Timing Analyzer Summary
  3. Parallel Compilation
  4. SDC File List
  5. Clocks
  6. Fmax Summary
  7. Setup Summary
  8. Hold Summary
  9. Recovery Summary
 10. Removal Summary
 11. Minimum Pulse Width Summary
 12. Setup: 'C25M'
 13. Hold: 'C25M'
 14. Recovery: 'C25M'
 15. Removal: 'C25M'
 16. Setup Transfers
 17. Hold Transfers
 18. Recovery Transfers
 19. Removal Transfers
 20. Report TCCS
 21. Report RSKM
 22. Unconstrained Paths Summary
 23. Clock Status Summary
 24. Unconstrained Input Ports
 25. Unconstrained Output Ports
 26. Unconstrained Input Ports
 27. Unconstrained Output Ports
 28. Timing Analyzer Messages



----------------
; Legal Notice ;
----------------
Copyright (C) 2019  Intel Corporation. All rights reserved.
Your use of Intel Corporation's design tools, logic functions 
and other software and tools, and any partner logic 
functions, and any output files from any of the foregoing 
(including device programming or simulation files), and any 
associated documentation or information are expressly subject 
to the terms and conditions of the Intel Program License 
Subscription Agreement, the Intel Quartus Prime License Agreement,
the Intel FPGA IP License Agreement, or other applicable license
agreement, including, without limitation, that your use is for
the sole purpose of programming logic devices manufactured by
Intel and sold by Intel or its authorized distributors.  Please
refer to the applicable agreement for further details, at
https://fpgasoftware.intel.com/eula.



+-----------------------------------------------------------------------------+
; Timing Analyzer Summary                                                     ;
+-----------------------+-----------------------------------------------------+
; Quartus Prime Version ; Version 19.1.0 Build 670 09/22/2019 SJ Lite Edition ;
; Timing Analyzer       ; Legacy Timing Analyzer                              ;
; Revision Name         ; GR8RAM                                              ;
; Device Family         ; MAX II                                              ;
; Device Name           ; EPM240T100C5                                        ;
; Timing Models         ; Final                                               ;
; Delay Model           ; Slow Model                                          ;
; Rise/Fall Delays      ; Unavailable                                         ;
+-----------------------+-----------------------------------------------------+


+------------------------------------------+
; Parallel Compilation                     ;
+----------------------------+-------------+
; Processors                 ; Number      ;
+----------------------------+-------------+
; Number detected on machine ; 4           ;
; Maximum allowed            ; 4           ;
;                            ;             ;
; Average used               ; 1.00        ;
; Maximum used               ; 2           ;
;                            ;             ;
; Usage by Processor         ; % Time Used ;
;     Processor 1            ; 100.0%      ;
;     Processor 2            ;   0.0%      ;
+----------------------------+-------------+


+---------------------------------------------------+
; SDC File List                                     ;
+---------------+--------+--------------------------+
; SDC File Path ; Status ; Read at                  ;
+---------------+--------+--------------------------+
; GR8RAM.sdc    ; OK     ; Tue May 14 02:45:45 2024 ;
+---------------+--------+--------------------------+


+------------------------------------------------------------------------------------------------------------------------------------------------------------------------------------+
; Clocks                                                                                                                                                                             ;
+------------+------+---------+-----------+-------+---------+------------+-----------+-------------+-------+--------+-----------+------------+----------+--------+--------+----------+
; Clock Name ; Type ; Period  ; Frequency ; Rise  ; Fall    ; Duty Cycle ; Divide by ; Multiply by ; Phase ; Offset ; Edge List ; Edge Shift ; Inverted ; Master ; Source ; Targets  ;
+------------+------+---------+-----------+-------+---------+------------+-----------+-------------+-------+--------+-----------+------------+----------+--------+--------+----------+
; C25M       ; Base ; 40.000  ; 25.0 MHz  ; 0.000 ; 20.000  ;            ;           ;             ;       ;        ;           ;            ;          ;        ;        ; { C25M } ;
; PHI0       ; Base ; 978.000 ; 1.02 MHz  ; 0.000 ; 489.000 ;            ;           ;             ;       ;        ;           ;            ;          ;        ;        ; { PHI0 } ;
+------------+------+---------+-----------+-------+---------+------------+-----------+-------------+-------+--------+-----------+------------+----------+--------+--------+----------+


+-------------------------------------------------+
; Fmax Summary                                    ;
+-----------+-----------------+------------+------+
; Fmax      ; Restricted Fmax ; Clock Name ; Note ;
+-----------+-----------------+------------+------+
; 81.34 MHz ; 81.34 MHz       ; C25M       ;      ;
+-----------+-----------------+------------+------+
This panel reports FMAX for every clock in the design, regardless of the user-specified clock periods.  FMAX is only computed for paths where the source and destination registers or ports are driven by the same clock.  Paths of different clocks, including generated clocks, are ignored.  For paths between a clock and its inversion, FMAX is computed as if the rising and falling edges are scaled along with FMAX, such that the duty cycle (in terms of a percentage) is maintained. Altera recommends that you always use clock constraints and other slack reports for sign-off analysis.


+--------------------------------+
; Setup Summary                  ;
+-------+--------+---------------+
; Clock ; Slack  ; End Point TNS ;
+-------+--------+---------------+
; C25M  ; 13.913 ; 0.000         ;
+-------+--------+---------------+


+-------------------------------+
; Hold Summary                  ;
+-------+-------+---------------+
; Clock ; Slack ; End Point TNS ;
+-------+-------+---------------+
; C25M  ; 1.379 ; 0.000         ;
+-------+-------+---------------+


+--------------------------------+
; Recovery Summary               ;
+-------+--------+---------------+
; Clock ; Slack  ; End Point TNS ;
+-------+--------+---------------+
; C25M  ; 33.194 ; 0.000         ;
+-------+--------+---------------+


+-------------------------------+
; Removal Summary               ;
+-------+-------+---------------+
; Clock ; Slack ; End Point TNS ;
+-------+-------+---------------+
; C25M  ; 6.252 ; 0.000         ;
+-------+-------+---------------+


+---------------------------------+
; Minimum Pulse Width Summary     ;
+-------+---------+---------------+
; Clock ; Slack   ; End Point TNS ;
+-------+---------+---------------+
; C25M  ; 19.734  ; 0.000         ;
; PHI0  ; 488.734 ; 0.000         ;
+-------+---------+---------------+


+-------------------------------------------------------------------------------------------------------+
; Setup: 'C25M'                                                                                         ;
+--------+-----------+------------+--------------+-------------+--------------+------------+------------+
; Slack  ; From Node ; To Node    ; Launch Clock ; Latch Clock ; Relationship ; Clock Skew ; Data Delay ;
+--------+-----------+------------+--------------+-------------+--------------+------------+------------+
; 13.913 ; PS[2]     ; RDD[3]     ; C25M         ; C25M        ; 20.000       ; 0.000      ; 5.754      ;
; 13.913 ; PS[2]     ; RDD[6]     ; C25M         ; C25M        ; 20.000       ; 0.000      ; 5.754      ;
; 13.913 ; PS[2]     ; RDD[7]     ; C25M         ; C25M        ; 20.000       ; 0.000      ; 5.754      ;
; 13.937 ; PS[2]     ; RDD[4]     ; C25M         ; C25M        ; 20.000       ; 0.000      ; 5.730      ;
; 13.937 ; PS[2]     ; RDD[5]     ; C25M         ; C25M        ; 20.000       ; 0.000      ; 5.730      ;
; 14.065 ; PS[2]     ; RDD[0]     ; C25M         ; C25M        ; 20.000       ; 0.000      ; 5.602      ;
; 14.065 ; PS[2]     ; RDD[1]     ; C25M         ; C25M        ; 20.000       ; 0.000      ; 5.602      ;
; 14.065 ; PS[2]     ; RDD[2]     ; C25M         ; C25M        ; 20.000       ; 0.000      ; 5.602      ;
; 14.093 ; PS[1]     ; RDD[3]     ; C25M         ; C25M        ; 20.000       ; 0.000      ; 5.574      ;
; 14.093 ; PS[1]     ; RDD[6]     ; C25M         ; C25M        ; 20.000       ; 0.000      ; 5.574      ;
; 14.093 ; PS[1]     ; RDD[7]     ; C25M         ; C25M        ; 20.000       ; 0.000      ; 5.574      ;
; 14.117 ; PS[1]     ; RDD[4]     ; C25M         ; C25M        ; 20.000       ; 0.000      ; 5.550      ;
; 14.117 ; PS[1]     ; RDD[5]     ; C25M         ; C25M        ; 20.000       ; 0.000      ; 5.550      ;
; 14.220 ; PS[0]     ; RDD[3]     ; C25M         ; C25M        ; 20.000       ; 0.000      ; 5.447      ;
; 14.220 ; PS[0]     ; RDD[6]     ; C25M         ; C25M        ; 20.000       ; 0.000      ; 5.447      ;
; 14.220 ; PS[0]     ; RDD[7]     ; C25M         ; C25M        ; 20.000       ; 0.000      ; 5.447      ;
; 14.244 ; PS[0]     ; RDD[4]     ; C25M         ; C25M        ; 20.000       ; 0.000      ; 5.423      ;
; 14.244 ; PS[0]     ; RDD[5]     ; C25M         ; C25M        ; 20.000       ; 0.000      ; 5.423      ;
; 14.245 ; PS[1]     ; RDD[0]     ; C25M         ; C25M        ; 20.000       ; 0.000      ; 5.422      ;
; 14.245 ; PS[1]     ; RDD[1]     ; C25M         ; C25M        ; 20.000       ; 0.000      ; 5.422      ;
; 14.245 ; PS[1]     ; RDD[2]     ; C25M         ; C25M        ; 20.000       ; 0.000      ; 5.422      ;
; 14.372 ; PS[0]     ; RDD[0]     ; C25M         ; C25M        ; 20.000       ; 0.000      ; 5.295      ;
; 14.372 ; PS[0]     ; RDD[1]     ; C25M         ; C25M        ; 20.000       ; 0.000      ; 5.295      ;
; 14.372 ; PS[0]     ; RDD[2]     ; C25M         ; C25M        ; 20.000       ; 0.000      ; 5.295      ;
; 14.590 ; PS[3]     ; RDD[3]     ; C25M         ; C25M        ; 20.000       ; 0.000      ; 5.077      ;
; 14.590 ; PS[3]     ; RDD[6]     ; C25M         ; C25M        ; 20.000       ; 0.000      ; 5.077      ;
; 14.590 ; PS[3]     ; RDD[7]     ; C25M         ; C25M        ; 20.000       ; 0.000      ; 5.077      ;
; 14.614 ; PS[3]     ; RDD[4]     ; C25M         ; C25M        ; 20.000       ; 0.000      ; 5.053      ;
; 14.614 ; PS[3]     ; RDD[5]     ; C25M         ; C25M        ; 20.000       ; 0.000      ; 5.053      ;
; 14.616 ; Addr[2]   ; RDD[2]     ; C25M         ; C25M        ; 20.000       ; 0.000      ; 5.051      ;
; 14.639 ; Addr[20]  ; RDD[4]     ; C25M         ; C25M        ; 20.000       ; 0.000      ; 5.028      ;
; 14.742 ; PS[3]     ; RDD[0]     ; C25M         ; C25M        ; 20.000       ; 0.000      ; 4.925      ;
; 14.742 ; PS[3]     ; RDD[1]     ; C25M         ; C25M        ; 20.000       ; 0.000      ; 4.925      ;
; 14.742 ; PS[3]     ; RDD[2]     ; C25M         ; C25M        ; 20.000       ; 0.000      ; 4.925      ;
; 14.794 ; Addr[22]  ; RDD[6]     ; C25M         ; C25M        ; 20.000       ; 0.000      ; 4.873      ;
; 14.868 ; Addr[5]   ; RDD[5]     ; C25M         ; C25M        ; 20.000       ; 0.000      ; 4.799      ;
; 14.875 ; Addr[9]   ; RDD[1]     ; C25M         ; C25M        ; 20.000       ; 0.000      ; 4.792      ;
; 14.916 ; Addr[1]   ; RDD[1]     ; C25M         ; C25M        ; 20.000       ; 0.000      ; 4.751      ;
; 15.029 ; Addr[19]  ; RDD[3]     ; C25M         ; C25M        ; 20.000       ; 0.000      ; 4.638      ;
; 15.052 ; Addr[15]  ; RDD[7]     ; C25M         ; C25M        ; 20.000       ; 0.000      ; 4.615      ;
; 15.118 ; SetFWr[1] ; RDD[4]     ; C25M         ; C25M        ; 20.000       ; 0.000      ; 4.549      ;
; 15.192 ; Addr[11]  ; RDD[3]     ; C25M         ; C25M        ; 20.000       ; 0.000      ; 4.475      ;
; 15.249 ; SetFWr[1] ; RDD[7]     ; C25M         ; C25M        ; 20.000       ; 0.000      ; 4.418      ;
; 15.332 ; Addr[23]  ; RDD[7]     ; C25M         ; C25M        ; 20.000       ; 0.000      ; 4.335      ;
; 15.337 ; Addr[18]  ; RDD[2]     ; C25M         ; C25M        ; 20.000       ; 0.000      ; 4.330      ;
; 15.345 ; SetFWr[1] ; RDD[5]     ; C25M         ; C25M        ; 20.000       ; 0.000      ; 4.322      ;
; 15.391 ; Addr[3]   ; RDD[3]     ; C25M         ; C25M        ; 20.000       ; 0.000      ; 4.276      ;
; 15.398 ; Addr[17]  ; RDD[1]     ; C25M         ; C25M        ; 20.000       ; 0.000      ; 4.269      ;
; 15.424 ; Addr[13]  ; RDD[5]     ; C25M         ; C25M        ; 20.000       ; 0.000      ; 4.243      ;
; 15.468 ; Addr[0]   ; RDD[0]     ; C25M         ; C25M        ; 20.000       ; 0.000      ; 4.199      ;
; 15.481 ; Addr[21]  ; RDD[5]     ; C25M         ; C25M        ; 20.000       ; 0.000      ; 4.186      ;
; 15.552 ; Addr[14]  ; RDD[6]     ; C25M         ; C25M        ; 20.000       ; 0.000      ; 4.115      ;
; 15.595 ; Addr[16]  ; RDD[0]     ; C25M         ; C25M        ; 20.000       ; 0.000      ; 4.072      ;
; 15.632 ; Addr[4]   ; RDD[4]     ; C25M         ; C25M        ; 20.000       ; 0.000      ; 4.035      ;
; 15.675 ; Addr[12]  ; RDD[4]     ; C25M         ; C25M        ; 20.000       ; 0.000      ; 3.992      ;
; 15.818 ; Addr[6]   ; RDD[6]     ; C25M         ; C25M        ; 20.000       ; 0.000      ; 3.849      ;
; 15.851 ; Addr[8]   ; RDD[0]     ; C25M         ; C25M        ; 20.000       ; 0.000      ; 3.816      ;
; 16.177 ; Addr[7]   ; RDD[7]     ; C25M         ; C25M        ; 20.000       ; 0.000      ; 3.490      ;
; 16.431 ; SetFWr[1] ; RDD[6]     ; C25M         ; C25M        ; 20.000       ; 0.000      ; 3.236      ;
; 16.699 ; Addr[10]  ; RDD[2]     ; C25M         ; C25M        ; 20.000       ; 0.000      ; 2.968      ;
; 27.706 ; PS[0]     ; SA[0]~reg0 ; C25M         ; C25M        ; 40.000       ; 0.000      ; 11.961     ;
; 27.987 ; PS[0]     ; SA[1]~reg0 ; C25M         ; C25M        ; 40.000       ; 0.000      ; 11.680     ;
; 28.395 ; Addr[23]  ; SA[0]~reg0 ; C25M         ; C25M        ; 40.000       ; 0.000      ; 11.272     ;
; 28.454 ; Addr[23]  ; RCKE~reg0  ; C25M         ; C25M        ; 40.000       ; 0.000      ; 11.213     ;
; 28.597 ; Addr[23]  ; SA[1]~reg0 ; C25M         ; C25M        ; 40.000       ; 0.000      ; 11.070     ;
; 28.812 ; REGEN     ; SA[0]~reg0 ; C25M         ; C25M        ; 40.000       ; 0.000      ; 10.855     ;
; 28.871 ; REGEN     ; RCKE~reg0  ; C25M         ; C25M        ; 40.000       ; 0.000      ; 10.796     ;
; 28.960 ; PS[0]     ; SA[2]~reg0 ; C25M         ; C25M        ; 40.000       ; 0.000      ; 10.707     ;
; 29.014 ; REGEN     ; SA[1]~reg0 ; C25M         ; C25M        ; 40.000       ; 0.000      ; 10.653     ;
; 29.129 ; Addr[23]  ; nRCS~reg0  ; C25M         ; C25M        ; 40.000       ; 0.000      ; 10.538     ;
; 29.512 ; PS[1]     ; SA[1]~reg0 ; C25M         ; C25M        ; 40.000       ; 0.000      ; 10.155     ;
; 29.546 ; REGEN     ; nRCS~reg0  ; C25M         ; C25M        ; 40.000       ; 0.000      ; 10.121     ;
; 29.572 ; Addr[23]  ; SA[2]~reg0 ; C25M         ; C25M        ; 40.000       ; 0.000      ; 10.095     ;
; 29.589 ; Addr[23]  ; SA[5]~reg0 ; C25M         ; C25M        ; 40.000       ; 0.000      ; 10.078     ;
; 29.746 ; SetFWr[1] ; SA[0]~reg0 ; C25M         ; C25M        ; 40.000       ; 0.000      ; 9.921      ;
; 29.751 ; PS[2]     ; AddrIncH   ; C25M         ; C25M        ; 40.000       ; 0.000      ; 9.916      ;
; 29.805 ; SetFWr[1] ; RCKE~reg0  ; C25M         ; C25M        ; 40.000       ; 0.000      ; 9.862      ;
; 29.841 ; Addr[23]  ; SA[6]~reg0 ; C25M         ; C25M        ; 40.000       ; 0.000      ; 9.826      ;
; 29.858 ; Addr[23]  ; SA[8]~reg0 ; C25M         ; C25M        ; 40.000       ; 0.000      ; 9.809      ;
; 29.863 ; Addr[23]  ; SA[7]~reg0 ; C25M         ; C25M        ; 40.000       ; 0.000      ; 9.804      ;
; 29.881 ; REGEN     ; AddrIncH   ; C25M         ; C25M        ; 40.000       ; 0.000      ; 9.786      ;
; 29.893 ; LS[1]     ; IS.110     ; C25M         ; C25M        ; 40.000       ; 0.000      ; 9.774      ;
; 29.893 ; LS[1]     ; IS.000     ; C25M         ; C25M        ; 40.000       ; 0.000      ; 9.774      ;
; 29.893 ; LS[1]     ; IS.001     ; C25M         ; C25M        ; 40.000       ; 0.000      ; 9.774      ;
; 29.893 ; LS[1]     ; IS.101     ; C25M         ; C25M        ; 40.000       ; 0.000      ; 9.774      ;
; 29.893 ; LS[1]     ; IS.100     ; C25M         ; C25M        ; 40.000       ; 0.000      ; 9.774      ;
; 29.913 ; PS[1]     ; AddrIncH   ; C25M         ; C25M        ; 40.000       ; 0.000      ; 9.754      ;
; 29.948 ; SetFWr[1] ; SA[1]~reg0 ; C25M         ; C25M        ; 40.000       ; 0.000      ; 9.719      ;
; 29.974 ; IS.110    ; SA[0]~reg0 ; C25M         ; C25M        ; 40.000       ; 0.000      ; 9.693      ;
; 29.982 ; IS.110    ; SA[1]~reg0 ; C25M         ; C25M        ; 40.000       ; 0.000      ; 9.685      ;
; 29.989 ; REGEN     ; SA[2]~reg0 ; C25M         ; C25M        ; 40.000       ; 0.000      ; 9.678      ;
; 29.993 ; LS[10]    ; IS.110     ; C25M         ; C25M        ; 40.000       ; 0.000      ; 9.674      ;
; 29.993 ; LS[10]    ; IS.000     ; C25M         ; C25M        ; 40.000       ; 0.000      ; 9.674      ;
; 29.993 ; LS[10]    ; IS.001     ; C25M         ; C25M        ; 40.000       ; 0.000      ; 9.674      ;
; 29.993 ; LS[10]    ; IS.101     ; C25M         ; C25M        ; 40.000       ; 0.000      ; 9.674      ;
; 29.993 ; LS[10]    ; IS.100     ; C25M         ; C25M        ; 40.000       ; 0.000      ; 9.674      ;
; 29.999 ; PS[1]     ; nRCS~reg0  ; C25M         ; C25M        ; 40.000       ; 0.000      ; 9.668      ;
; 30.006 ; REGEN     ; SA[5]~reg0 ; C25M         ; C25M        ; 40.000       ; 0.000      ; 9.661      ;
; 30.044 ; PS[0]     ; AddrIncH   ; C25M         ; C25M        ; 40.000       ; 0.000      ; 9.623      ;
; 30.053 ; LS[7]     ; IS.110     ; C25M         ; C25M        ; 40.000       ; 0.000      ; 9.614      ;
+--------+-----------+------------+--------------+-------------+--------------+------------+------------+


+-----------------------------------------------------------------------------------------------------------+
; Hold: 'C25M'                                                                                              ;
+-------+--------------+--------------+--------------+-------------+--------------+------------+------------+
; Slack ; From Node    ; To Node      ; Launch Clock ; Latch Clock ; Relationship ; Clock Skew ; Data Delay ;
+-------+--------------+--------------+--------------+-------------+--------------+------------+------------+
; 1.379 ; PHI0r[3]     ; PHI0r[4]     ; C25M         ; C25M        ; 0.000        ; 0.000      ; 1.600      ;
; 1.397 ; PHI0r[1]     ; PHI0r[2]     ; C25M         ; C25M        ; 0.000        ; 0.000      ; 1.618      ;
; 1.409 ; WRD[1]       ; WRD[1]       ; C25M         ; C25M        ; 0.000        ; 0.000      ; 1.630      ;
; 1.416 ; WRD[0]       ; WRD[0]       ; C25M         ; C25M        ; 0.000        ; 0.000      ; 1.637      ;
; 1.420 ; WRD[2]       ; WRD[2]       ; C25M         ; C25M        ; 0.000        ; 0.000      ; 1.641      ;
; 1.420 ; WRD[3]       ; WRD[3]       ; C25M         ; C25M        ; 0.000        ; 0.000      ; 1.641      ;
; 1.422 ; WRD[5]       ; WRD[5]       ; C25M         ; C25M        ; 0.000        ; 0.000      ; 1.643      ;
; 1.654 ; IS.101       ; FCS          ; C25M         ; C25M        ; 0.000        ; 0.000      ; 1.875      ;
; 1.776 ; PHI0r[2]     ; PHI0r[3]     ; C25M         ; C25M        ; 0.000        ; 0.000      ; 1.997      ;
; 1.783 ; WRD[7]       ; WRD[7]       ; C25M         ; C25M        ; 0.000        ; 0.000      ; 2.004      ;
; 1.800 ; WRD[6]       ; WRD[6]       ; C25M         ; C25M        ; 0.000        ; 0.000      ; 2.021      ;
; 1.811 ; WRD[4]       ; WRD[4]       ; C25M         ; C25M        ; 0.000        ; 0.000      ; 2.032      ;
; 1.909 ; IOROMEN      ; IOROMEN      ; C25M         ; C25M        ; 0.000        ; 0.000      ; 2.130      ;
; 1.911 ; nRESf        ; nRESr        ; C25M         ; C25M        ; 0.000        ; 0.000      ; 2.132      ;
; 1.915 ; IS.100       ; FCS          ; C25M         ; C25M        ; 0.000        ; 0.000      ; 2.136      ;
; 1.920 ; PS[3]        ; PS[3]        ; C25M         ; C25M        ; 0.000        ; 0.000      ; 2.141      ;
; 1.949 ; PS[2]        ; PS[2]        ; C25M         ; C25M        ; 0.000        ; 0.000      ; 2.170      ;
; 1.973 ; PS[1]        ; PS[1]        ; C25M         ; C25M        ; 0.000        ; 0.000      ; 2.194      ;
; 2.063 ; LS[13]       ; LS[13]       ; C25M         ; C25M        ; 0.000        ; 0.000      ; 2.284      ;
; 2.113 ; IS.110       ; FCS          ; C25M         ; C25M        ; 0.000        ; 0.000      ; 2.334      ;
; 2.116 ; Addr[16]     ; Addr[16]     ; C25M         ; C25M        ; 0.000        ; 0.000      ; 2.337      ;
; 2.116 ; Addr[8]      ; Addr[8]      ; C25M         ; C25M        ; 0.000        ; 0.000      ; 2.337      ;
; 2.117 ; Addr[23]     ; Addr[23]     ; C25M         ; C25M        ; 0.000        ; 0.000      ; 2.338      ;
; 2.117 ; Addr[10]     ; Addr[10]     ; C25M         ; C25M        ; 0.000        ; 0.000      ; 2.338      ;
; 2.117 ; Addr[1]      ; Addr[1]      ; C25M         ; C25M        ; 0.000        ; 0.000      ; 2.338      ;
; 2.117 ; Addr[2]      ; Addr[2]      ; C25M         ; C25M        ; 0.000        ; 0.000      ; 2.338      ;
; 2.117 ; Addr[15]     ; Addr[15]     ; C25M         ; C25M        ; 0.000        ; 0.000      ; 2.338      ;
; 2.117 ; Addr[17]     ; Addr[17]     ; C25M         ; C25M        ; 0.000        ; 0.000      ; 2.338      ;
; 2.117 ; Addr[18]     ; Addr[18]     ; C25M         ; C25M        ; 0.000        ; 0.000      ; 2.338      ;
; 2.117 ; Addr[9]      ; Addr[9]      ; C25M         ; C25M        ; 0.000        ; 0.000      ; 2.338      ;
; 2.125 ; Addr[0]      ; Addr[0]      ; C25M         ; C25M        ; 0.000        ; 0.000      ; 2.346      ;
; 2.125 ; LS[7]        ; LS[7]        ; C25M         ; C25M        ; 0.000        ; 0.000      ; 2.346      ;
; 2.126 ; Addr[7]      ; Addr[7]      ; C25M         ; C25M        ; 0.000        ; 0.000      ; 2.347      ;
; 2.128 ; LS[6]        ; LS[6]        ; C25M         ; C25M        ; 0.000        ; 0.000      ; 2.349      ;
; 2.142 ; LS[8]        ; LS[8]        ; C25M         ; C25M        ; 0.000        ; 0.000      ; 2.363      ;
; 2.144 ; LS[4]        ; LS[4]        ; C25M         ; C25M        ; 0.000        ; 0.000      ; 2.365      ;
; 2.145 ; LS[9]        ; LS[9]        ; C25M         ; C25M        ; 0.000        ; 0.000      ; 2.366      ;
; 2.157 ; WRD[2]       ; WRD[4]       ; C25M         ; C25M        ; 0.000        ; 0.000      ; 2.378      ;
; 2.163 ; PS[0]        ; PS[0]        ; C25M         ; C25M        ; 0.000        ; 0.000      ; 2.384      ;
; 2.165 ; WRD[0]       ; WRD[2]       ; C25M         ; C25M        ; 0.000        ; 0.000      ; 2.386      ;
; 2.166 ; PS[0]        ; PS[1]        ; C25M         ; C25M        ; 0.000        ; 0.000      ; 2.387      ;
; 2.198 ; PS[2]        ; PS[0]        ; C25M         ; C25M        ; 0.000        ; 0.000      ; 2.419      ;
; 2.201 ; PS[1]        ; PS[2]        ; C25M         ; C25M        ; 0.000        ; 0.000      ; 2.422      ;
; 2.221 ; REGEN        ; REGEN        ; C25M         ; C25M        ; 0.000        ; 0.000      ; 2.442      ;
; 2.222 ; nRESout~reg0 ; nRESout~reg0 ; C25M         ; C25M        ; 0.000        ; 0.000      ; 2.443      ;
; 2.222 ; Addr[19]     ; Addr[19]     ; C25M         ; C25M        ; 0.000        ; 0.000      ; 2.443      ;
; 2.228 ; AddrIncH     ; Addr[16]     ; C25M         ; C25M        ; 0.000        ; 0.000      ; 2.449      ;
; 2.230 ; Addr[21]     ; Addr[21]     ; C25M         ; C25M        ; 0.000        ; 0.000      ; 2.451      ;
; 2.231 ; Addr[20]     ; Addr[20]     ; C25M         ; C25M        ; 0.000        ; 0.000      ; 2.452      ;
; 2.231 ; Addr[22]     ; Addr[22]     ; C25M         ; C25M        ; 0.000        ; 0.000      ; 2.452      ;
; 2.232 ; Addr[3]      ; Addr[3]      ; C25M         ; C25M        ; 0.000        ; 0.000      ; 2.453      ;
; 2.241 ; LS[10]       ; LS[10]       ; C25M         ; C25M        ; 0.000        ; 0.000      ; 2.462      ;
; 2.241 ; Addr[11]     ; Addr[11]     ; C25M         ; C25M        ; 0.000        ; 0.000      ; 2.462      ;
; 2.242 ; Bank         ; Bank         ; C25M         ; C25M        ; 0.000        ; 0.000      ; 2.463      ;
; 2.249 ; Addr[4]      ; Addr[4]      ; C25M         ; C25M        ; 0.000        ; 0.000      ; 2.470      ;
; 2.249 ; Addr[14]     ; Addr[14]     ; C25M         ; C25M        ; 0.000        ; 0.000      ; 2.470      ;
; 2.251 ; LS[2]        ; LS[2]        ; C25M         ; C25M        ; 0.000        ; 0.000      ; 2.472      ;
; 2.251 ; LS[3]        ; LS[3]        ; C25M         ; C25M        ; 0.000        ; 0.000      ; 2.472      ;
; 2.260 ; LS[11]       ; LS[11]       ; C25M         ; C25M        ; 0.000        ; 0.000      ; 2.481      ;
; 2.260 ; Addr[13]     ; Addr[13]     ; C25M         ; C25M        ; 0.000        ; 0.000      ; 2.481      ;
; 2.260 ; LS[5]        ; LS[5]        ; C25M         ; C25M        ; 0.000        ; 0.000      ; 2.481      ;
; 2.260 ; Addr[5]      ; Addr[5]      ; C25M         ; C25M        ; 0.000        ; 0.000      ; 2.481      ;
; 2.260 ; WRD[5]       ; WRD[7]       ; C25M         ; C25M        ; 0.000        ; 0.000      ; 2.481      ;
; 2.262 ; Addr[12]     ; Addr[12]     ; C25M         ; C25M        ; 0.000        ; 0.000      ; 2.483      ;
; 2.262 ; Addr[6]      ; Addr[6]      ; C25M         ; C25M        ; 0.000        ; 0.000      ; 2.483      ;
; 2.266 ; WRD[3]       ; WRD[5]       ; C25M         ; C25M        ; 0.000        ; 0.000      ; 2.487      ;
; 2.273 ; LS[12]       ; LS[12]       ; C25M         ; C25M        ; 0.000        ; 0.000      ; 2.494      ;
; 2.350 ; IS.111       ; IS.111       ; C25M         ; C25M        ; 0.000        ; 0.000      ; 2.571      ;
; 2.509 ; LS[1]        ; LS[1]        ; C25M         ; C25M        ; 0.000        ; 0.000      ; 2.730      ;
; 2.551 ; WRD[4]       ; WRD[6]       ; C25M         ; C25M        ; 0.000        ; 0.000      ; 2.772      ;
; 2.616 ; LS[0]        ; LS[0]        ; C25M         ; C25M        ; 0.000        ; 0.000      ; 2.837      ;
; 2.644 ; LS[0]        ; LS[1]        ; C25M         ; C25M        ; 0.000        ; 0.000      ; 2.865      ;
; 2.746 ; LS[2]        ; IS.101       ; C25M         ; C25M        ; 0.000        ; 0.000      ; 2.967      ;
; 2.854 ; IS.110       ; FCKout       ; C25M         ; C25M        ; 0.000        ; 0.000      ; 3.075      ;
; 2.948 ; Addr[16]     ; Addr[17]     ; C25M         ; C25M        ; 0.000        ; 0.000      ; 3.169      ;
; 2.948 ; Addr[8]      ; Addr[9]      ; C25M         ; C25M        ; 0.000        ; 0.000      ; 3.169      ;
; 2.949 ; Addr[9]      ; Addr[10]     ; C25M         ; C25M        ; 0.000        ; 0.000      ; 3.170      ;
; 2.949 ; Addr[10]     ; Addr[11]     ; C25M         ; C25M        ; 0.000        ; 0.000      ; 3.170      ;
; 2.949 ; Addr[1]      ; Addr[2]      ; C25M         ; C25M        ; 0.000        ; 0.000      ; 3.170      ;
; 2.949 ; Addr[2]      ; Addr[3]      ; C25M         ; C25M        ; 0.000        ; 0.000      ; 3.170      ;
; 2.949 ; Addr[17]     ; Addr[18]     ; C25M         ; C25M        ; 0.000        ; 0.000      ; 3.170      ;
; 2.949 ; Addr[18]     ; Addr[19]     ; C25M         ; C25M        ; 0.000        ; 0.000      ; 3.170      ;
; 2.957 ; Addr[0]      ; Addr[1]      ; C25M         ; C25M        ; 0.000        ; 0.000      ; 3.178      ;
; 2.957 ; LS[7]        ; LS[8]        ; C25M         ; C25M        ; 0.000        ; 0.000      ; 3.178      ;
; 2.974 ; LS[8]        ; LS[9]        ; C25M         ; C25M        ; 0.000        ; 0.000      ; 3.195      ;
; 2.976 ; LS[4]        ; LS[5]        ; C25M         ; C25M        ; 0.000        ; 0.000      ; 3.197      ;
; 2.977 ; LS[9]        ; LS[10]       ; C25M         ; C25M        ; 0.000        ; 0.000      ; 3.198      ;
; 3.059 ; Addr[8]      ; Addr[10]     ; C25M         ; C25M        ; 0.000        ; 0.000      ; 3.280      ;
; 3.059 ; Addr[16]     ; Addr[18]     ; C25M         ; C25M        ; 0.000        ; 0.000      ; 3.280      ;
; 3.060 ; Addr[10]     ; Addr[12]     ; C25M         ; C25M        ; 0.000        ; 0.000      ; 3.281      ;
; 3.060 ; Addr[2]      ; Addr[4]      ; C25M         ; C25M        ; 0.000        ; 0.000      ; 3.281      ;
; 3.060 ; Addr[18]     ; Addr[20]     ; C25M         ; C25M        ; 0.000        ; 0.000      ; 3.281      ;
; 3.060 ; Addr[9]      ; Addr[11]     ; C25M         ; C25M        ; 0.000        ; 0.000      ; 3.281      ;
; 3.060 ; Addr[1]      ; Addr[3]      ; C25M         ; C25M        ; 0.000        ; 0.000      ; 3.281      ;
; 3.060 ; Addr[17]     ; Addr[19]     ; C25M         ; C25M        ; 0.000        ; 0.000      ; 3.281      ;
; 3.068 ; Addr[0]      ; Addr[2]      ; C25M         ; C25M        ; 0.000        ; 0.000      ; 3.289      ;
; 3.068 ; LS[7]        ; LS[9]        ; C25M         ; C25M        ; 0.000        ; 0.000      ; 3.289      ;
; 3.085 ; LS[8]        ; LS[10]       ; C25M         ; C25M        ; 0.000        ; 0.000      ; 3.306      ;
; 3.087 ; LS[4]        ; LS[6]        ; C25M         ; C25M        ; 0.000        ; 0.000      ; 3.308      ;
; 3.088 ; LS[9]        ; LS[11]       ; C25M         ; C25M        ; 0.000        ; 0.000      ; 3.309      ;
+-------+--------------+--------------+--------------+-------------+--------------+------------+------------+


+-----------------------------------------------------------------------------------------------------+
; Recovery: 'C25M'                                                                                    ;
+--------+-----------+----------+--------------+-------------+--------------+------------+------------+
; Slack  ; From Node ; To Node  ; Launch Clock ; Latch Clock ; Relationship ; Clock Skew ; Data Delay ;
+--------+-----------+----------+--------------+-------------+--------------+------------+------------+
; 33.194 ; nRESr     ; Addr[0]  ; C25M         ; C25M        ; 40.000       ; 0.000      ; 6.473      ;
; 33.194 ; nRESr     ; Addr[23] ; C25M         ; C25M        ; 40.000       ; 0.000      ; 6.473      ;
; 33.194 ; nRESr     ; Addr[10] ; C25M         ; C25M        ; 40.000       ; 0.000      ; 6.473      ;
; 33.194 ; nRESr     ; Addr[1]  ; C25M         ; C25M        ; 40.000       ; 0.000      ; 6.473      ;
; 33.194 ; nRESr     ; Addr[11] ; C25M         ; C25M        ; 40.000       ; 0.000      ; 6.473      ;
; 33.194 ; nRESr     ; Addr[2]  ; C25M         ; C25M        ; 40.000       ; 0.000      ; 6.473      ;
; 33.194 ; nRESr     ; Addr[12] ; C25M         ; C25M        ; 40.000       ; 0.000      ; 6.473      ;
; 33.194 ; nRESr     ; Bank     ; C25M         ; C25M        ; 40.000       ; 0.000      ; 6.473      ;
; 33.194 ; nRESr     ; Addr[3]  ; C25M         ; C25M        ; 40.000       ; 0.000      ; 6.473      ;
; 33.194 ; nRESr     ; Addr[13] ; C25M         ; C25M        ; 40.000       ; 0.000      ; 6.473      ;
; 33.194 ; nRESr     ; Addr[4]  ; C25M         ; C25M        ; 40.000       ; 0.000      ; 6.473      ;
; 33.194 ; nRESr     ; Addr[14] ; C25M         ; C25M        ; 40.000       ; 0.000      ; 6.473      ;
; 33.194 ; nRESr     ; Addr[5]  ; C25M         ; C25M        ; 40.000       ; 0.000      ; 6.473      ;
; 33.194 ; nRESr     ; Addr[15] ; C25M         ; C25M        ; 40.000       ; 0.000      ; 6.473      ;
; 33.194 ; nRESr     ; Addr[6]  ; C25M         ; C25M        ; 40.000       ; 0.000      ; 6.473      ;
; 33.194 ; nRESr     ; Addr[16] ; C25M         ; C25M        ; 40.000       ; 0.000      ; 6.473      ;
; 33.194 ; nRESr     ; Addr[7]  ; C25M         ; C25M        ; 40.000       ; 0.000      ; 6.473      ;
; 33.194 ; nRESr     ; Addr[17] ; C25M         ; C25M        ; 40.000       ; 0.000      ; 6.473      ;
; 33.194 ; nRESr     ; Addr[8]  ; C25M         ; C25M        ; 40.000       ; 0.000      ; 6.473      ;
; 33.194 ; nRESr     ; Addr[18] ; C25M         ; C25M        ; 40.000       ; 0.000      ; 6.473      ;
; 33.194 ; nRESr     ; Addr[9]  ; C25M         ; C25M        ; 40.000       ; 0.000      ; 6.473      ;
; 33.194 ; nRESr     ; Addr[19] ; C25M         ; C25M        ; 40.000       ; 0.000      ; 6.473      ;
; 33.194 ; nRESr     ; Addr[20] ; C25M         ; C25M        ; 40.000       ; 0.000      ; 6.473      ;
; 33.194 ; nRESr     ; Addr[21] ; C25M         ; C25M        ; 40.000       ; 0.000      ; 6.473      ;
; 33.194 ; nRESr     ; Addr[22] ; C25M         ; C25M        ; 40.000       ; 0.000      ; 6.473      ;
; 33.194 ; nRESr     ; AddrIncH ; C25M         ; C25M        ; 40.000       ; 0.000      ; 6.473      ;
; 33.194 ; nRESr     ; AddrIncM ; C25M         ; C25M        ; 40.000       ; 0.000      ; 6.473      ;
; 33.194 ; nRESr     ; AddrIncL ; C25M         ; C25M        ; 40.000       ; 0.000      ; 6.473      ;
+--------+-----------+----------+--------------+-------------+--------------+------------+------------+


+----------------------------------------------------------------------------------------------------+
; Removal: 'C25M'                                                                                    ;
+-------+-----------+----------+--------------+-------------+--------------+------------+------------+
; Slack ; From Node ; To Node  ; Launch Clock ; Latch Clock ; Relationship ; Clock Skew ; Data Delay ;
+-------+-----------+----------+--------------+-------------+--------------+------------+------------+
; 6.252 ; nRESr     ; Addr[0]  ; C25M         ; C25M        ; 0.000        ; 0.000      ; 6.473      ;
; 6.252 ; nRESr     ; Addr[23] ; C25M         ; C25M        ; 0.000        ; 0.000      ; 6.473      ;
; 6.252 ; nRESr     ; Addr[10] ; C25M         ; C25M        ; 0.000        ; 0.000      ; 6.473      ;
; 6.252 ; nRESr     ; Addr[1]  ; C25M         ; C25M        ; 0.000        ; 0.000      ; 6.473      ;
; 6.252 ; nRESr     ; Addr[11] ; C25M         ; C25M        ; 0.000        ; 0.000      ; 6.473      ;
; 6.252 ; nRESr     ; Addr[2]  ; C25M         ; C25M        ; 0.000        ; 0.000      ; 6.473      ;
; 6.252 ; nRESr     ; Addr[12] ; C25M         ; C25M        ; 0.000        ; 0.000      ; 6.473      ;
; 6.252 ; nRESr     ; Bank     ; C25M         ; C25M        ; 0.000        ; 0.000      ; 6.473      ;
; 6.252 ; nRESr     ; Addr[3]  ; C25M         ; C25M        ; 0.000        ; 0.000      ; 6.473      ;
; 6.252 ; nRESr     ; Addr[13] ; C25M         ; C25M        ; 0.000        ; 0.000      ; 6.473      ;
; 6.252 ; nRESr     ; Addr[4]  ; C25M         ; C25M        ; 0.000        ; 0.000      ; 6.473      ;
; 6.252 ; nRESr     ; Addr[14] ; C25M         ; C25M        ; 0.000        ; 0.000      ; 6.473      ;
; 6.252 ; nRESr     ; Addr[5]  ; C25M         ; C25M        ; 0.000        ; 0.000      ; 6.473      ;
; 6.252 ; nRESr     ; Addr[15] ; C25M         ; C25M        ; 0.000        ; 0.000      ; 6.473      ;
; 6.252 ; nRESr     ; Addr[6]  ; C25M         ; C25M        ; 0.000        ; 0.000      ; 6.473      ;
; 6.252 ; nRESr     ; Addr[16] ; C25M         ; C25M        ; 0.000        ; 0.000      ; 6.473      ;
; 6.252 ; nRESr     ; Addr[7]  ; C25M         ; C25M        ; 0.000        ; 0.000      ; 6.473      ;
; 6.252 ; nRESr     ; Addr[17] ; C25M         ; C25M        ; 0.000        ; 0.000      ; 6.473      ;
; 6.252 ; nRESr     ; Addr[8]  ; C25M         ; C25M        ; 0.000        ; 0.000      ; 6.473      ;
; 6.252 ; nRESr     ; Addr[18] ; C25M         ; C25M        ; 0.000        ; 0.000      ; 6.473      ;
; 6.252 ; nRESr     ; Addr[9]  ; C25M         ; C25M        ; 0.000        ; 0.000      ; 6.473      ;
; 6.252 ; nRESr     ; Addr[19] ; C25M         ; C25M        ; 0.000        ; 0.000      ; 6.473      ;
; 6.252 ; nRESr     ; Addr[20] ; C25M         ; C25M        ; 0.000        ; 0.000      ; 6.473      ;
; 6.252 ; nRESr     ; Addr[21] ; C25M         ; C25M        ; 0.000        ; 0.000      ; 6.473      ;
; 6.252 ; nRESr     ; Addr[22] ; C25M         ; C25M        ; 0.000        ; 0.000      ; 6.473      ;
; 6.252 ; nRESr     ; AddrIncH ; C25M         ; C25M        ; 0.000        ; 0.000      ; 6.473      ;
; 6.252 ; nRESr     ; AddrIncM ; C25M         ; C25M        ; 0.000        ; 0.000      ; 6.473      ;
; 6.252 ; nRESr     ; AddrIncL ; C25M         ; C25M        ; 0.000        ; 0.000      ; 6.473      ;
+-------+-----------+----------+--------------+-------------+--------------+------------+------------+


+-------------------------------------------------------------------------+
; Setup Transfers                                                         ;
+------------+----------+------------+------------+------------+----------+
; From Clock ; To Clock ; RR Paths   ; FR Paths   ; RF Paths   ; FF Paths ;
+------------+----------+------------+------------+------------+----------+
; C25M       ; C25M     ; 1459       ; 0          ; 60         ; 0        ;
; PHI0       ; C25M     ; false path ; false path ; false path ; 0        ;
+------------+----------+------------+------------+------------+----------+
Entries labeled "false path" only account for clock-to-clock false paths and not path-based false paths. As a result, actual path counts may be lower than reported.


+-------------------------------------------------------------------------+
; Hold Transfers                                                          ;
+------------+----------+------------+------------+------------+----------+
; From Clock ; To Clock ; RR Paths   ; FR Paths   ; RF Paths   ; FF Paths ;
+------------+----------+------------+------------+------------+----------+
; C25M       ; C25M     ; 1459       ; 0          ; 60         ; 0        ;
; PHI0       ; C25M     ; false path ; false path ; false path ; 0        ;
+------------+----------+------------+------------+------------+----------+
Entries labeled "false path" only account for clock-to-clock false paths and not path-based false paths. As a result, actual path counts may be lower than reported.


+-------------------------------------------------------------------+
; Recovery Transfers                                                ;
+------------+----------+----------+----------+----------+----------+
; From Clock ; To Clock ; RR Paths ; FR Paths ; RF Paths ; FF Paths ;
+------------+----------+----------+----------+----------+----------+
; C25M       ; C25M     ; 28       ; 0        ; 0        ; 0        ;
+------------+----------+----------+----------+----------+----------+
Entries labeled "false path" only account for clock-to-clock false paths and not path-based false paths. As a result, actual path counts may be lower than reported.


+-------------------------------------------------------------------+
; Removal Transfers                                                 ;
+------------+----------+----------+----------+----------+----------+
; From Clock ; To Clock ; RR Paths ; FR Paths ; RF Paths ; FF Paths ;
+------------+----------+----------+----------+----------+----------+
; C25M       ; C25M     ; 28       ; 0        ; 0        ; 0        ;
+------------+----------+----------+----------+----------+----------+
Entries labeled "false path" only account for clock-to-clock false paths and not path-based false paths. As a result, actual path counts may be lower than reported.


---------------
; Report TCCS ;
---------------
No dedicated SERDES Transmitter circuitry present in device or used in design


---------------
; Report RSKM ;
---------------
No non-DPA dedicated SERDES Receiver circuitry present in device or used in design


+------------------------------------------------+
; Unconstrained Paths Summary                    ;
+---------------------------------+-------+------+
; Property                        ; Setup ; Hold ;
+---------------------------------+-------+------+
; Illegal Clocks                  ; 0     ; 0    ;
; Unconstrained Clocks            ; 0     ; 0    ;
; Unconstrained Input Ports       ; 44    ; 44   ;
; Unconstrained Input Port Paths  ; 144   ; 144  ;
; Unconstrained Output Ports      ; 45    ; 45   ;
; Unconstrained Output Port Paths ; 216   ; 216  ;
+---------------------------------+-------+------+


+-------------------------------------+
; Clock Status Summary                ;
+--------+-------+------+-------------+
; Target ; Clock ; Type ; Status      ;
+--------+-------+------+-------------+
; C25M   ; C25M  ; Base ; Constrained ;
; PHI0   ; PHI0  ; Base ; Constrained ;
+--------+-------+------+-------------+


+---------------------------------------------------------------------------------------------------+
; Unconstrained Input Ports                                                                         ;
+------------+--------------------------------------------------------------------------------------+
; Input Port ; Comment                                                                              ;
+------------+--------------------------------------------------------------------------------------+
; DMAin      ; No input delay, min/max delays, false-path exceptions, or max skew assignments found ;
; INTin      ; No input delay, min/max delays, false-path exceptions, or max skew assignments found ;
; MISO       ; No input delay, min/max delays, false-path exceptions, or max skew assignments found ;
; MOSI       ; No input delay, min/max delays, false-path exceptions, or max skew assignments found ;
; PHI0       ; No input delay, min/max delays, false-path exceptions, or max skew assignments found ;
; RA[0]      ; No input delay, min/max delays, false-path exceptions, or max skew assignments found ;
; RA[1]      ; No input delay, min/max delays, false-path exceptions, or max skew assignments found ;
; RA[2]      ; No input delay, min/max delays, false-path exceptions, or max skew assignments found ;
; RA[3]      ; No input delay, min/max delays, false-path exceptions, or max skew assignments found ;
; RA[4]      ; No input delay, min/max delays, false-path exceptions, or max skew assignments found ;
; RA[5]      ; No input delay, min/max delays, false-path exceptions, or max skew assignments found ;
; RA[6]      ; No input delay, min/max delays, false-path exceptions, or max skew assignments found ;
; RA[7]      ; No input delay, min/max delays, false-path exceptions, or max skew assignments found ;
; RA[8]      ; No input delay, min/max delays, false-path exceptions, or max skew assignments found ;
; RA[9]      ; No input delay, min/max delays, false-path exceptions, or max skew assignments found ;
; RA[10]     ; No input delay, min/max delays, false-path exceptions, or max skew assignments found ;
; RA[11]     ; No input delay, min/max delays, false-path exceptions, or max skew assignments found ;
; RA[12]     ; No input delay, min/max delays, false-path exceptions, or max skew assignments found ;
; RA[13]     ; No input delay, min/max delays, false-path exceptions, or max skew assignments found ;
; RA[14]     ; No input delay, min/max delays, false-path exceptions, or max skew assignments found ;
; RA[15]     ; No input delay, min/max delays, false-path exceptions, or max skew assignments found ;
; RD[0]      ; No input delay, min/max delays, false-path exceptions, or max skew assignments found ;
; RD[1]      ; No input delay, min/max delays, false-path exceptions, or max skew assignments found ;
; RD[2]      ; No input delay, min/max delays, false-path exceptions, or max skew assignments found ;
; RD[3]      ; No input delay, min/max delays, false-path exceptions, or max skew assignments found ;
; RD[4]      ; No input delay, min/max delays, false-path exceptions, or max skew assignments found ;
; RD[5]      ; No input delay, min/max delays, false-path exceptions, or max skew assignments found ;
; RD[6]      ; No input delay, min/max delays, false-path exceptions, or max skew assignments found ;
; RD[7]      ; No input delay, min/max delays, false-path exceptions, or max skew assignments found ;
; SD[0]      ; No input delay, min/max delays, false-path exceptions, or max skew assignments found ;
; SD[1]      ; No input delay, min/max delays, false-path exceptions, or max skew assignments found ;
; SD[2]      ; No input delay, min/max delays, false-path exceptions, or max skew assignments found ;
; SD[3]      ; No input delay, min/max delays, false-path exceptions, or max skew assignments found ;
; SD[4]      ; No input delay, min/max delays, false-path exceptions, or max skew assignments found ;
; SD[5]      ; No input delay, min/max delays, false-path exceptions, or max skew assignments found ;
; SD[6]      ; No input delay, min/max delays, false-path exceptions, or max skew assignments found ;
; SD[7]      ; No input delay, min/max delays, false-path exceptions, or max skew assignments found ;
; SetFW[0]   ; No input delay, min/max delays, false-path exceptions, or max skew assignments found ;
; SetFW[1]   ; No input delay, min/max delays, false-path exceptions, or max skew assignments found ;
; nDEVSEL    ; No input delay, min/max delays, false-path exceptions, or max skew assignments found ;
; nIOSEL     ; No input delay, min/max delays, false-path exceptions, or max skew assignments found ;
; nIOSTRB    ; No input delay, min/max delays, false-path exceptions, or max skew assignments found ;
; nRES       ; No input delay, min/max delays, false-path exceptions, or max skew assignments found ;
; nWE        ; No input delay, min/max delays, false-path exceptions, or max skew assignments found ;
+------------+--------------------------------------------------------------------------------------+


+-----------------------------------------------------------------------------------------------------+
; Unconstrained Output Ports                                                                          ;
+-------------+---------------------------------------------------------------------------------------+
; Output Port ; Comment                                                                               ;
+-------------+---------------------------------------------------------------------------------------+
; DMAout      ; No output delay, min/max delays, false-path exceptions, or max skew assignments found ;
; DQMH        ; No output delay, min/max delays, false-path exceptions, or max skew assignments found ;
; DQML        ; No output delay, min/max delays, false-path exceptions, or max skew assignments found ;
; FCK         ; No output delay, min/max delays, false-path exceptions, or max skew assignments found ;
; INTout      ; No output delay, min/max delays, false-path exceptions, or max skew assignments found ;
; MOSI        ; No output delay, min/max delays, false-path exceptions, or max skew assignments found ;
; RCKE        ; No output delay, min/max delays, false-path exceptions, or max skew assignments found ;
; RD[0]       ; No output delay, min/max delays, false-path exceptions, or max skew assignments found ;
; RD[1]       ; No output delay, min/max delays, false-path exceptions, or max skew assignments found ;
; RD[2]       ; No output delay, min/max delays, false-path exceptions, or max skew assignments found ;
; RD[3]       ; No output delay, min/max delays, false-path exceptions, or max skew assignments found ;
; RD[4]       ; No output delay, min/max delays, false-path exceptions, or max skew assignments found ;
; RD[5]       ; No output delay, min/max delays, false-path exceptions, or max skew assignments found ;
; RD[6]       ; No output delay, min/max delays, false-path exceptions, or max skew assignments found ;
; RD[7]       ; No output delay, min/max delays, false-path exceptions, or max skew assignments found ;
; RDdir       ; No output delay, min/max delays, false-path exceptions, or max skew assignments found ;
; SA[0]       ; No output delay, min/max delays, false-path exceptions, or max skew assignments found ;
; SA[1]       ; No output delay, min/max delays, false-path exceptions, or max skew assignments found ;
; SA[2]       ; No output delay, min/max delays, false-path exceptions, or max skew assignments found ;
; SA[3]       ; No output delay, min/max delays, false-path exceptions, or max skew assignments found ;
; SA[4]       ; No output delay, min/max delays, false-path exceptions, or max skew assignments found ;
; SA[5]       ; No output delay, min/max delays, false-path exceptions, or max skew assignments found ;
; SA[6]       ; No output delay, min/max delays, false-path exceptions, or max skew assignments found ;
; SA[7]       ; No output delay, min/max delays, false-path exceptions, or max skew assignments found ;
; SA[8]       ; No output delay, min/max delays, false-path exceptions, or max skew assignments found ;
; SA[9]       ; No output delay, min/max delays, false-path exceptions, or max skew assignments found ;
; SA[10]      ; No output delay, min/max delays, false-path exceptions, or max skew assignments found ;
; SA[11]      ; No output delay, min/max delays, false-path exceptions, or max skew assignments found ;
; SA[12]      ; No output delay, min/max delays, false-path exceptions, or max skew assignments found ;
; SBA[0]      ; No output delay, min/max delays, false-path exceptions, or max skew assignments found ;
; SBA[1]      ; No output delay, min/max delays, false-path exceptions, or max skew assignments found ;
; SD[0]       ; No output delay, min/max delays, false-path exceptions, or max skew assignments found ;
; SD[1]       ; No output delay, min/max delays, false-path exceptions, or max skew assignments found ;
; SD[2]       ; No output delay, min/max delays, false-path exceptions, or max skew assignments found ;
; SD[3]       ; No output delay, min/max delays, false-path exceptions, or max skew assignments found ;
; SD[4]       ; No output delay, min/max delays, false-path exceptions, or max skew assignments found ;
; SD[5]       ; No output delay, min/max delays, false-path exceptions, or max skew assignments found ;
; SD[6]       ; No output delay, min/max delays, false-path exceptions, or max skew assignments found ;
; SD[7]       ; No output delay, min/max delays, false-path exceptions, or max skew assignments found ;
; nCAS        ; No output delay, min/max delays, false-path exceptions, or max skew assignments found ;
; nFCS        ; No output delay, min/max delays, false-path exceptions, or max skew assignments found ;
; nRAS        ; No output delay, min/max delays, false-path exceptions, or max skew assignments found ;
; nRCS        ; No output delay, min/max delays, false-path exceptions, or max skew assignments found ;
; nRESout     ; No output delay, min/max delays, false-path exceptions, or max skew assignments found ;
; nSWE        ; No output delay, min/max delays, false-path exceptions, or max skew assignments found ;
+-------------+---------------------------------------------------------------------------------------+


+---------------------------------------------------------------------------------------------------+
; Unconstrained Input Ports                                                                         ;
+------------+--------------------------------------------------------------------------------------+
; Input Port ; Comment                                                                              ;
+------------+--------------------------------------------------------------------------------------+
; DMAin      ; No input delay, min/max delays, false-path exceptions, or max skew assignments found ;
; INTin      ; No input delay, min/max delays, false-path exceptions, or max skew assignments found ;
; MISO       ; No input delay, min/max delays, false-path exceptions, or max skew assignments found ;
; MOSI       ; No input delay, min/max delays, false-path exceptions, or max skew assignments found ;
; PHI0       ; No input delay, min/max delays, false-path exceptions, or max skew assignments found ;
; RA[0]      ; No input delay, min/max delays, false-path exceptions, or max skew assignments found ;
; RA[1]      ; No input delay, min/max delays, false-path exceptions, or max skew assignments found ;
; RA[2]      ; No input delay, min/max delays, false-path exceptions, or max skew assignments found ;
; RA[3]      ; No input delay, min/max delays, false-path exceptions, or max skew assignments found ;
; RA[4]      ; No input delay, min/max delays, false-path exceptions, or max skew assignments found ;
; RA[5]      ; No input delay, min/max delays, false-path exceptions, or max skew assignments found ;
; RA[6]      ; No input delay, min/max delays, false-path exceptions, or max skew assignments found ;
; RA[7]      ; No input delay, min/max delays, false-path exceptions, or max skew assignments found ;
; RA[8]      ; No input delay, min/max delays, false-path exceptions, or max skew assignments found ;
; RA[9]      ; No input delay, min/max delays, false-path exceptions, or max skew assignments found ;
; RA[10]     ; No input delay, min/max delays, false-path exceptions, or max skew assignments found ;
; RA[11]     ; No input delay, min/max delays, false-path exceptions, or max skew assignments found ;
; RA[12]     ; No input delay, min/max delays, false-path exceptions, or max skew assignments found ;
; RA[13]     ; No input delay, min/max delays, false-path exceptions, or max skew assignments found ;
; RA[14]     ; No input delay, min/max delays, false-path exceptions, or max skew assignments found ;
; RA[15]     ; No input delay, min/max delays, false-path exceptions, or max skew assignments found ;
; RD[0]      ; No input delay, min/max delays, false-path exceptions, or max skew assignments found ;
; RD[1]      ; No input delay, min/max delays, false-path exceptions, or max skew assignments found ;
; RD[2]      ; No input delay, min/max delays, false-path exceptions, or max skew assignments found ;
; RD[3]      ; No input delay, min/max delays, false-path exceptions, or max skew assignments found ;
; RD[4]      ; No input delay, min/max delays, false-path exceptions, or max skew assignments found ;
; RD[5]      ; No input delay, min/max delays, false-path exceptions, or max skew assignments found ;
; RD[6]      ; No input delay, min/max delays, false-path exceptions, or max skew assignments found ;
; RD[7]      ; No input delay, min/max delays, false-path exceptions, or max skew assignments found ;
; SD[0]      ; No input delay, min/max delays, false-path exceptions, or max skew assignments found ;
; SD[1]      ; No input delay, min/max delays, false-path exceptions, or max skew assignments found ;
; SD[2]      ; No input delay, min/max delays, false-path exceptions, or max skew assignments found ;
; SD[3]      ; No input delay, min/max delays, false-path exceptions, or max skew assignments found ;
; SD[4]      ; No input delay, min/max delays, false-path exceptions, or max skew assignments found ;
; SD[5]      ; No input delay, min/max delays, false-path exceptions, or max skew assignments found ;
; SD[6]      ; No input delay, min/max delays, false-path exceptions, or max skew assignments found ;
; SD[7]      ; No input delay, min/max delays, false-path exceptions, or max skew assignments found ;
; SetFW[0]   ; No input delay, min/max delays, false-path exceptions, or max skew assignments found ;
; SetFW[1]   ; No input delay, min/max delays, false-path exceptions, or max skew assignments found ;
; nDEVSEL    ; No input delay, min/max delays, false-path exceptions, or max skew assignments found ;
; nIOSEL     ; No input delay, min/max delays, false-path exceptions, or max skew assignments found ;
; nIOSTRB    ; No input delay, min/max delays, false-path exceptions, or max skew assignments found ;
; nRES       ; No input delay, min/max delays, false-path exceptions, or max skew assignments found ;
; nWE        ; No input delay, min/max delays, false-path exceptions, or max skew assignments found ;
+------------+--------------------------------------------------------------------------------------+


+-----------------------------------------------------------------------------------------------------+
; Unconstrained Output Ports                                                                          ;
+-------------+---------------------------------------------------------------------------------------+
; Output Port ; Comment                                                                               ;
+-------------+---------------------------------------------------------------------------------------+
; DMAout      ; No output delay, min/max delays, false-path exceptions, or max skew assignments found ;
; DQMH        ; No output delay, min/max delays, false-path exceptions, or max skew assignments found ;
; DQML        ; No output delay, min/max delays, false-path exceptions, or max skew assignments found ;
; FCK         ; No output delay, min/max delays, false-path exceptions, or max skew assignments found ;
; INTout      ; No output delay, min/max delays, false-path exceptions, or max skew assignments found ;
; MOSI        ; No output delay, min/max delays, false-path exceptions, or max skew assignments found ;
; RCKE        ; No output delay, min/max delays, false-path exceptions, or max skew assignments found ;
; RD[0]       ; No output delay, min/max delays, false-path exceptions, or max skew assignments found ;
; RD[1]       ; No output delay, min/max delays, false-path exceptions, or max skew assignments found ;
; RD[2]       ; No output delay, min/max delays, false-path exceptions, or max skew assignments found ;
; RD[3]       ; No output delay, min/max delays, false-path exceptions, or max skew assignments found ;
; RD[4]       ; No output delay, min/max delays, false-path exceptions, or max skew assignments found ;
; RD[5]       ; No output delay, min/max delays, false-path exceptions, or max skew assignments found ;
; RD[6]       ; No output delay, min/max delays, false-path exceptions, or max skew assignments found ;
; RD[7]       ; No output delay, min/max delays, false-path exceptions, or max skew assignments found ;
; RDdir       ; No output delay, min/max delays, false-path exceptions, or max skew assignments found ;
; SA[0]       ; No output delay, min/max delays, false-path exceptions, or max skew assignments found ;
; SA[1]       ; No output delay, min/max delays, false-path exceptions, or max skew assignments found ;
; SA[2]       ; No output delay, min/max delays, false-path exceptions, or max skew assignments found ;
; SA[3]       ; No output delay, min/max delays, false-path exceptions, or max skew assignments found ;
; SA[4]       ; No output delay, min/max delays, false-path exceptions, or max skew assignments found ;
; SA[5]       ; No output delay, min/max delays, false-path exceptions, or max skew assignments found ;
; SA[6]       ; No output delay, min/max delays, false-path exceptions, or max skew assignments found ;
; SA[7]       ; No output delay, min/max delays, false-path exceptions, or max skew assignments found ;
; SA[8]       ; No output delay, min/max delays, false-path exceptions, or max skew assignments found ;
; SA[9]       ; No output delay, min/max delays, false-path exceptions, or max skew assignments found ;
; SA[10]      ; No output delay, min/max delays, false-path exceptions, or max skew assignments found ;
; SA[11]      ; No output delay, min/max delays, false-path exceptions, or max skew assignments found ;
; SA[12]      ; No output delay, min/max delays, false-path exceptions, or max skew assignments found ;
; SBA[0]      ; No output delay, min/max delays, false-path exceptions, or max skew assignments found ;
; SBA[1]      ; No output delay, min/max delays, false-path exceptions, or max skew assignments found ;
; SD[0]       ; No output delay, min/max delays, false-path exceptions, or max skew assignments found ;
; SD[1]       ; No output delay, min/max delays, false-path exceptions, or max skew assignments found ;
; SD[2]       ; No output delay, min/max delays, false-path exceptions, or max skew assignments found ;
; SD[3]       ; No output delay, min/max delays, false-path exceptions, or max skew assignments found ;
; SD[4]       ; No output delay, min/max delays, false-path exceptions, or max skew assignments found ;
; SD[5]       ; No output delay, min/max delays, false-path exceptions, or max skew assignments found ;
; SD[6]       ; No output delay, min/max delays, false-path exceptions, or max skew assignments found ;
; SD[7]       ; No output delay, min/max delays, false-path exceptions, or max skew assignments found ;
; nCAS        ; No output delay, min/max delays, false-path exceptions, or max skew assignments found ;
; nFCS        ; No output delay, min/max delays, false-path exceptions, or max skew assignments found ;
; nRAS        ; No output delay, min/max delays, false-path exceptions, or max skew assignments found ;
; nRCS        ; No output delay, min/max delays, false-path exceptions, or max skew assignments found ;
; nRESout     ; No output delay, min/max delays, false-path exceptions, or max skew assignments found ;
; nSWE        ; No output delay, min/max delays, false-path exceptions, or max skew assignments found ;
+-------------+---------------------------------------------------------------------------------------+


+--------------------------+
; Timing Analyzer Messages ;
+--------------------------+
Info: *******************************************************************
Info: Running Quartus Prime Timing Analyzer
    Info: Version 19.1.0 Build 670 09/22/2019 SJ Lite Edition
    Info: Processing started: Tue May 14 02:45:44 2024
Info: Command: quartus_sta GR8RAM -c GR8RAM
Info: qsta_default_script.tcl version: #1
Info (20032): Parallel compilation is enabled and will use up to 4 processors
Info (21077): Low junction temperature is 0 degrees C
Info (21077): High junction temperature is 85 degrees C
Info (334003): Started post-fitting delay annotation
Info (334004): Delay annotation completed successfully
Info (332104): Reading SDC File: 'GR8RAM.sdc'
Info: Found TIMING_ANALYZER_REPORT_SCRIPT_INCLUDE_DEFAULT_ANALYSIS = ON
Info: Can't run Report Timing Closure Recommendations. The current device family is not supported.
Info (332146): Worst-case setup slack is 13.913
    Info (332119):     Slack       End Point TNS Clock 
    Info (332119): ========= =================== =====================
    Info (332119):    13.913               0.000 C25M 
Info (332146): Worst-case hold slack is 1.379
    Info (332119):     Slack       End Point TNS Clock 
    Info (332119): ========= =================== =====================
    Info (332119):     1.379               0.000 C25M 
Info (332146): Worst-case recovery slack is 33.194
    Info (332119):     Slack       End Point TNS Clock 
    Info (332119): ========= =================== =====================
    Info (332119):    33.194               0.000 C25M 
Info (332146): Worst-case removal slack is 6.252
    Info (332119):     Slack       End Point TNS Clock 
    Info (332119): ========= =================== =====================
    Info (332119):     6.252               0.000 C25M 
Info (332146): Worst-case minimum pulse width slack is 19.734
    Info (332119):     Slack       End Point TNS Clock 
    Info (332119): ========= =================== =====================
    Info (332119):    19.734               0.000 C25M 
    Info (332119):   488.734               0.000 PHI0 
Info (332001): The selected device family is not supported by the report_metastability command.
Info (332102): Design is not fully constrained for setup requirements
Info (332102): Design is not fully constrained for hold requirements
Info: Quartus Prime Timing Analyzer was successful. 0 errors, 0 warnings
    Info: Peak virtual memory: 13095 megabytes
    Info: Processing ended: Tue May 14 02:45:46 2024
    Info: Elapsed time: 00:00:02
    Info: Total CPU time (on all processors): 00:00:01


